<?xml version="1.0" encoding="UTF-8"?>
<testsuite xmlns:xsi="http://www.w3.org/2001/XMLSchema-instance" xsi:noNamespaceSchemaLocation="https://maven.apache.org/surefire/maven-surefire-plugin/xsd/surefire-test-report.xsd" version="3.0.2" name="com.microservice.accounts.AccountsApplicationTests" time="21.914" tests="1" errors="0" skipped="0" failures="0">
  <properties>
[...]
</properties>
  <testcase name="contextLoads" classname="com.microservice.accounts.AccountsApplicationTests" time="0.845">
    <system-out><![CDATA[06:40:56.275 [main] INFO org.springframework.test.context.support.AnnotationConfigContextLoaderUtils -- Could not detect default configuration classes for test class [com.microservice.accounts.AccountsApplicationTests]: AccountsApplicationTests does not declare any static, non-private, non-final, nested classes annotated with @Configuration.
06:40:56.479 [main] INFO org.springframework.boot.test.context.SpringBootTestContextBootstrapper -- Found @SpringBootConfiguration com.microservice.accounts.AccountsApplication for test class com.microservice.accounts.AccountsApplicationTests
06:40:56.959 [main] INFO org.springframework.boot.devtools.restart.RestartApplicationListener -- Restart disabled due to context in which it is running

  .   ____          _            __ _ _
 /\\ / ___'_ __ _ _(_)_ __  __ _ \ \ \ \
( ( )\___ | '_ | '_| | '_ \/ _` | \ \ \ \
 \\/  ___)| |_)| | | | | || (_| |  ) ) ) )
  '  |____| .__|_| |_|_| |_\__, | / / / /
 =========|_|==============|___/=/_/_/_/

 :: Spring Boot ::                (v3.4.1)

2025-05-13T06:40:58.898+05:30  INFO 22256 --- [accounts] [           main] c.m.accounts.AccountsApplicationTests    : Starting AccountsApplicationTests using Java 21.0.6 with PID 22256 (started by pravin in C:\Users\pravin\Downloads\bankapplication\accounts)
2025-05-13T06:40:58.902+05:30  INFO 22256 --- [accounts] [           main] c.m.accounts.AccountsApplicationTests    : The following 1 profile is active: "default"
2025-05-13T06:40:58.978+05:30  INFO 22256 --- [accounts] [           main] o.s.c.c.c.ConfigServerConfigDataLoader   : Fetching config from server at : http://localhost:8071/
2025-05-13T06:40:58.979+05:30  INFO 22256 --- [accounts] [           main] o.s.c.c.c.ConfigServerConfigDataLoader   : Located environment: name=accounts, profiles=[default], label=null, version=e780f12d8d2f97bd43fe32b30a94293517c64fa0, state=
2025-05-13T06:41:02.207+05:30  INFO 22256 --- [accounts] [           main] .s.d.r.c.RepositoryConfigurationDelegate : Bootstrapping Spring Data JPA repositories in DEFAULT mode.
2025-05-13T06:41:02.756+05:30  INFO 22256 --- [accounts] [           main] .s.d.r.c.RepositoryConfigurationDelegate : Finished Spring Data repository scanning in 512 ms. Found 2 JPA repository interfaces.
2025-05-13T06:41:03.590+05:30  INFO 22256 --- [accounts] [           main] faultConfiguringBeanFactoryPostProcessor : No bean named 'errorChannel' has been explicitly defined. Therefore, a default PublishSubscribeChannel will be created.
2025-05-13T06:41:03.606+05:30  INFO 22256 --- [accounts] [           main] faultConfiguringBeanFactoryPostProcessor : No bean named 'integrationHeaderChannelRegistry' has been explicitly defined. Therefore, a default DefaultHeaderChannelRegistry will be created.
2025-05-13T06:41:03.831+05:30  INFO 22256 --- [accounts] [           main] o.s.cloud.context.scope.GenericScope     : BeanFactory id=cd91850e-a1f9-3f99-9a1c-8f4a71f9a1fc
2025-05-13T06:41:05.069+05:30  INFO 22256 --- [accounts] [           main] com.zaxxer.hikari.HikariDataSource       : HikariPool-1 - Starting...
2025-05-13T06:41:05.501+05:30  INFO 22256 --- [accounts] [           main] com.zaxxer.hikari.pool.HikariPool        : HikariPool-1 - Added connection org.postgresql.jdbc.PgConnection@4a10c019
2025-05-13T06:41:05.505+05:30  INFO 22256 --- [accounts] [           main] com.zaxxer.hikari.HikariDataSource       : HikariPool-1 - Start completed.
2025-05-13T06:41:05.759+05:30  INFO 22256 --- [accounts] [           main] o.hibernate.jpa.internal.util.LogHelper  : HHH000204: Processing PersistenceUnitInfo [name: default]
2025-05-13T06:41:05.922+05:30  INFO 22256 --- [accounts] [           main] org.hibernate.Version                    : HHH000412: Hibernate ORM core version 6.6.4.Final
2025-05-13T06:41:06.014+05:30  INFO 22256 --- [accounts] [           main] o.h.c.internal.RegionFactoryInitiator    : HHH000026: Second-level cache disabled
2025-05-13T06:41:06.856+05:30  INFO 22256 --- [accounts] [           main] o.s.o.j.p.SpringPersistenceUnitInfo      : No LoadTimeWeaver setup: ignoring JPA class transformer
2025-05-13T06:41:07.035+05:30  INFO 22256 --- [accounts] [           main] org.hibernate.orm.connections.pooling    : HHH10001005: Database info:
	Database JDBC URL [Connecting through datasource 'HikariDataSource (HikariPool-1)']
	Database driver: undefined/unknown
	Database version: 17.5
	Autocommit mode: undefined/unknown
	Isolation level: undefined/unknown
	Minimum pool size: undefined/unknown
	Maximum pool size: undefined/unknown
2025-05-13T06:41:08.953+05:30  INFO 22256 --- [accounts] [           main] o.h.e.t.j.p.i.JtaPlatformInitiator       : HHH000489: No JTA platform available (set 'hibernate.transaction.jta.platform' to enable JTA platform integration)
2025-05-13T06:41:09.023+05:30  INFO 22256 --- [accounts] [           main] j.LocalContainerEntityManagerFactoryBean : Initialized JPA EntityManagerFactory for persistence unit 'default'
2025-05-13T06:41:10.208+05:30  WARN 22256 --- [accounts] [           main] JpaBaseConfiguration$JpaWebConfiguration : spring.jpa.open-in-view is enabled by default. Therefore, database queries may be performed during view rendering. Explicitly configure spring.jpa.open-in-view to disable this warning
2025-05-13T06:41:11.056+05:30  INFO 22256 --- [accounts] [           main] o.s.c.openfeign.FeignClientFactoryBean   : For 'cards' URL not provided. Will try picking an instance via load-balancing.
2025-05-13T06:41:11.207+05:30  INFO 22256 --- [accounts] [           main] o.s.c.openfeign.FeignClientFactoryBean   : For 'loans' URL not provided. Will try picking an instance via load-balancing.
2025-05-13T06:41:14.128+05:30  INFO 22256 --- [accounts] [           main] o.s.c.s.m.DirectWithAttributesChannel    : Channel 'accounts.springCloudBusInput' has 1 subscriber(s).
2025-05-13T06:41:14.848+05:30  INFO 22256 --- [accounts] [           main] DiscoveryClientOptionalArgsConfiguration : Eureka HTTP Client uses RestTemplate.
2025-05-13T06:41:15.017+05:30  WARN 22256 --- [accounts] [           main] iguration$LoadBalancerCaffeineWarnLogger : Spring Cloud LoadBalancer is currently working with the default cache. While this cache implementation is useful for development and tests, it's recommended to use Caffeine cache in production.You can switch to using Caffeine cache, by adding it and org.springframework.cache.caffeine.CaffeineCacheManager to the classpath.
2025-05-13T06:41:15.070+05:30  INFO 22256 --- [accounts] [           main] o.s.b.a.e.web.EndpointLinksResolver      : Exposing 25 endpoints beneath base path '/actuator'
2025-05-13T06:41:15.333+05:30  INFO 22256 --- [accounts] [           main] o.s.i.endpoint.EventDrivenConsumer       : Adding {logging-channel-adapter:_org.springframework.integration.errorLogger} as a subscriber to the 'errorChannel' channel
2025-05-13T06:41:15.333+05:30  INFO 22256 --- [accounts] [           main] o.s.i.channel.PublishSubscribeChannel    : Channel 'accounts.errorChannel' has 1 subscriber(s).
2025-05-13T06:41:15.334+05:30  INFO 22256 --- [accounts] [           main] o.s.i.endpoint.EventDrivenConsumer       : started bean '_org.springframework.integration.errorLogger'
2025-05-13T06:41:15.442+05:30  INFO 22256 --- [accounts] [           main] o.s.c.n.eureka.InstanceInfoFactory       : Setting initial instance status as: STARTING
2025-05-13T06:41:15.517+05:30  INFO 22256 --- [accounts] [           main] com.netflix.discovery.DiscoveryClient    : Initializing Eureka in region us-east-1
2025-05-13T06:41:15.528+05:30  INFO 22256 --- [accounts] [           main] c.n.d.s.r.aws.ConfigClusterResolver      : Resolving eureka endpoints via configuration
2025-05-13T06:41:15.548+05:30  INFO 22256 --- [accounts] [           main] com.netflix.discovery.DiscoveryClient    : Disable delta property : false
2025-05-13T06:41:15.548+05:30  INFO 22256 --- [accounts] [           main] com.netflix.discovery.DiscoveryClient    : Single vip registry refresh property : null
2025-05-13T06:41:15.548+05:30  INFO 22256 --- [accounts] [           main] com.netflix.discovery.DiscoveryClient    : Force full registry fetch : false
2025-05-13T06:41:15.548+05:30  INFO 22256 --- [accounts] [           main] com.netflix.discovery.DiscoveryClient    : Application is null : false
2025-05-13T06:41:15.549+05:30  INFO 22256 --- [accounts] [           main] com.netflix.discovery.DiscoveryClient    : Registered Applications size is zero : true
2025-05-13T06:41:15.549+05:30  INFO 22256 --- [accounts] [           main] com.netflix.discovery.DiscoveryClient    : Application version is -1: true
2025-05-13T06:41:15.549+05:30  INFO 22256 --- [accounts] [           main] com.netflix.discovery.DiscoveryClient    : Getting all instance registry info from the eureka server
2025-05-13T06:41:15.914+05:30  INFO 22256 --- [accounts] [           main] com.netflix.discovery.DiscoveryClient    : The response status is 200
2025-05-13T06:41:15.917+05:30  INFO 22256 --- [accounts] [           main] com.netflix.discovery.DiscoveryClient    : Starting heartbeat executor: renew interval is: 30
2025-05-13T06:41:15.920+05:30  INFO 22256 --- [accounts] [           main] c.n.discovery.InstanceInfoReplicator     : InstanceInfoReplicator onDemand update allowed rate per min is 4
2025-05-13T06:41:15.923+05:30  INFO 22256 --- [accounts] [           main] com.netflix.discovery.DiscoveryClient    : Discovery Client initialized at timestamp 1747098675922 with initial instances count: 0
2025-05-13T06:41:15.932+05:30  INFO 22256 --- [accounts] [           main] o.s.c.n.e.s.EurekaServiceRegistry        : Registering application ACCOUNTS with eureka with status UP
2025-05-13T06:41:15.934+05:30  INFO 22256 --- [accounts] [           main] com.netflix.discovery.DiscoveryClient    : Saw local status change event StatusChangeEvent [timestamp=1747098675934, current=UP, previous=STARTING]
2025-05-13T06:41:15.939+05:30  INFO 22256 --- [accounts] [foReplicator-%d] com.netflix.discovery.DiscoveryClient    : DiscoveryClient_ACCOUNTS/DESKTOP-7I9Q75M.mshome.net:accounts:8080: registering service...
2025-05-13T06:41:15.940+05:30  INFO 22256 --- [accounts] [           main] o.s.c.s.binder.DefaultBinderFactory      : Creating binder: rabbit
2025-05-13T06:41:15.940+05:30  INFO 22256 --- [accounts] [           main] o.s.c.s.binder.DefaultBinderFactory      : Constructing binder child context for rabbit
2025-05-13T06:41:16.071+05:30  INFO 22256 --- [accounts] [foReplicator-%d] com.netflix.discovery.DiscoveryClient    : DiscoveryClient_ACCOUNTS/DESKTOP-7I9Q75M.mshome.net:accounts:8080 - registration status: 204
2025-05-13T06:41:16.195+05:30  INFO 22256 --- [accounts] [           main] o.s.c.s.binder.DefaultBinderFactory      : Caching the binder: rabbit
2025-05-13T06:41:16.317+05:30  INFO 22256 --- [accounts] [           main] c.s.b.r.p.RabbitExchangeQueueProvisioner : declaring queue for inbound: springCloudBus.anonymous.9FCQHQm0TmSjntH3Ac7Hgg, bound to: springCloudBus
2025-05-13T06:41:16.326+05:30  INFO 22256 --- [accounts] [           main] o.s.a.r.c.CachingConnectionFactory       : Attempting to connect to: [localhost:5672]
2025-05-13T06:41:16.483+05:30  INFO 22256 --- [accounts] [           main] o.s.a.r.c.CachingConnectionFactory       : Created new connection: rabbitConnectionFactory#7721408:0/SimpleConnection@2b52e068 [delegate=amqp://guest@127.0.0.1:5672/, localPort=51609]
2025-05-13T06:41:16.657+05:30  INFO 22256 --- [accounts] [           main] o.s.c.stream.binder.BinderErrorChannel   : Channel 'rabbit-816307412.springCloudBusInput.errors' has 1 subscriber(s).
2025-05-13T06:41:16.659+05:30  INFO 22256 --- [accounts] [           main] o.s.c.stream.binder.BinderErrorChannel   : Channel 'rabbit-816307412.springCloudBusInput.errors' has 2 subscriber(s).
2025-05-13T06:41:16.710+05:30  INFO 22256 --- [accounts] [           main] o.s.i.a.i.AmqpInboundChannelAdapter      : started bean 'inbound.springCloudBus.anonymous.9FCQHQm0TmSjntH3Ac7Hgg'
2025-05-13T06:41:16.849+05:30  INFO 22256 --- [accounts] [           main] c.m.accounts.AccountsApplicationTests    : Started AccountsApplicationTests in 19.918 seconds (process running for 21.725)
]]></system-out>
    <system-err><![CDATA[Mockito is currently self-attaching to enable the inline-mock-maker. This will no longer work in future releases of the JDK. Please add Mockito as an agent to your build what is described in Mockito's documentation: https://javadoc.io/doc/org.mockito/mockito-core/latest/org/mockito/Mockito.html#0.3
WARNING: A Java agent has been loaded dynamically (C:\Users\pravin\.m2\repository\net\bytebuddy\byte-buddy-agent\1.15.11\byte-buddy-agent-1.15.11.jar)
WARNING: If a serviceability tool is in use, please run with -XX:+EnableDynamicAgentLoading to hide this warning
WARNING: If a serviceability tool is not in use, please run with -Djdk.instrument.traceUsage for more information
WARNING: Dynamic loading of agents will be disallowed by default in a future release
]]></system-err>
  </testcase>
</testsuite>