<?xml version="1.0" encoding="UTF-8"?>
<testsuite xmlns:xsi="http://www.w3.org/2001/XMLSchema-instance" xsi:noNamespaceSchemaLocation="https://maven.apache.org/surefire/maven-surefire-plugin/xsd/surefire-test-report.xsd" version="3.0.2" name="com.microservice.accounts.AccountsApplicationTests" time="19.538" tests="1" errors="0" skipped="0" failures="0">
  <properties>
[...]
</properties>
  <testcase name="contextLoads" classname="com.microservice.accounts.AccountsApplicationTests" time="1.006">
    <system-out><![CDATA[Standard Commons Logging discovery in action with spring-jcl: please remove commons-logging.jar from classpath in order to avoid potential conflicts
13:18:12.708 [main] INFO org.springframework.test.context.support.AnnotationConfigContextLoaderUtils -- Could not detect default configuration classes for test class [com.microservice.accounts.AccountsApplicationTests]: AccountsApplicationTests does not declare any static, non-private, non-final, nested classes annotated with @Configuration.
13:18:12.991 [main] INFO org.springframework.boot.test.context.SpringBootTestContextBootstrapper -- Found @SpringBootConfiguration com.microservice.accounts.AccountsApplication for test class com.microservice.accounts.AccountsApplicationTests
13:18:13.808 [main] INFO org.springframework.boot.devtools.restart.RestartApplicationListener -- Restart disabled due to context in which it is running

  .   ____          _            __ _ _
 /\\ / ___'_ __ _ _(_)_ __  __ _ \ \ \ \
( ( )\___ | '_ | '_| | '_ \/ _` | \ \ \ \
 \\/  ___)| |_)| | | | | || (_| |  ) ) ) )
  '  |____| .__|_| |_|_| |_\__, | / / / /
 =========|_|==============|___/=/_/_/_/

 :: Spring Boot ::                (v3.4.1)

2025-05-01T13:18:15.666+05:30  INFO 6516 --- [accounts] [           main] c.m.accounts.AccountsApplicationTests    : Starting AccountsApplicationTests using Java 21.0.6 with PID 6516 (started by pravin in C:\Users\pravin\Downloads\bankapplication\accounts)
2025-05-01T13:18:15.669+05:30  INFO 6516 --- [accounts] [           main] c.m.accounts.AccountsApplicationTests    : The following 1 profile is active: "default"
2025-05-01T13:18:15.754+05:30  INFO 6516 --- [accounts] [           main] o.s.c.c.c.ConfigServerConfigDataLoader   : Fetching config from server at : http://localhost:8071/
2025-05-01T13:18:15.754+05:30  INFO 6516 --- [accounts] [           main] o.s.c.c.c.ConfigServerConfigDataLoader   : Located environment: name=accounts, profiles=[default], label=null, version=null, state=null
2025-05-01T13:18:18.517+05:30  INFO 6516 --- [accounts] [           main] .s.d.r.c.RepositoryConfigurationDelegate : Bootstrapping Spring Data JPA repositories in DEFAULT mode.
2025-05-01T13:18:18.843+05:30  INFO 6516 --- [accounts] [           main] .s.d.r.c.RepositoryConfigurationDelegate : Finished Spring Data repository scanning in 302 ms. Found 2 JPA repository interfaces.
2025-05-01T13:18:19.142+05:30  INFO 6516 --- [accounts] [           main] faultConfiguringBeanFactoryPostProcessor : No bean named 'errorChannel' has been explicitly defined. Therefore, a default PublishSubscribeChannel will be created.
2025-05-01T13:18:19.168+05:30  INFO 6516 --- [accounts] [           main] faultConfiguringBeanFactoryPostProcessor : No bean named 'integrationHeaderChannelRegistry' has been explicitly defined. Therefore, a default DefaultHeaderChannelRegistry will be created.
2025-05-01T13:18:19.372+05:30  INFO 6516 --- [accounts] [           main] o.s.cloud.context.scope.GenericScope     : BeanFactory id=b678af89-d791-3eb6-9637-7ca6200c013f
2025-05-01T13:18:20.722+05:30  INFO 6516 --- [accounts] [           main] com.zaxxer.hikari.HikariDataSource       : HikariPool-1 - Starting...
2025-05-01T13:18:21.082+05:30  INFO 6516 --- [accounts] [           main] com.zaxxer.hikari.pool.HikariPool        : HikariPool-1 - Added connection conn0: url=jdbc:h2:mem:testdb user=SA
2025-05-01T13:18:21.085+05:30  INFO 6516 --- [accounts] [           main] com.zaxxer.hikari.HikariDataSource       : HikariPool-1 - Start completed.
2025-05-01T13:18:21.325+05:30  INFO 6516 --- [accounts] [           main] o.hibernate.jpa.internal.util.LogHelper  : HHH000204: Processing PersistenceUnitInfo [name: default]
2025-05-01T13:18:21.495+05:30  INFO 6516 --- [accounts] [           main] org.hibernate.Version                    : HHH000412: Hibernate ORM core version 6.6.4.Final
2025-05-01T13:18:21.569+05:30  INFO 6516 --- [accounts] [           main] o.h.c.internal.RegionFactoryInitiator    : HHH000026: Second-level cache disabled
2025-05-01T13:18:22.091+05:30  INFO 6516 --- [accounts] [           main] o.s.o.j.p.SpringPersistenceUnitInfo      : No LoadTimeWeaver setup: ignoring JPA class transformer
2025-05-01T13:18:22.187+05:30  WARN 6516 --- [accounts] [           main] org.hibernate.orm.deprecation            : HHH90000025: H2Dialect does not need to be specified explicitly using 'hibernate.dialect' (remove the property setting and it will be selected by default)
2025-05-01T13:18:22.215+05:30  INFO 6516 --- [accounts] [           main] org.hibernate.orm.connections.pooling    : HHH10001005: Database info:
	Database JDBC URL [Connecting through datasource 'HikariDataSource (HikariPool-1)']
	Database driver: undefined/unknown
	Database version: 2.3.232
	Autocommit mode: undefined/unknown
	Isolation level: undefined/unknown
	Minimum pool size: undefined/unknown
	Maximum pool size: undefined/unknown
2025-05-01T13:18:23.680+05:30  INFO 6516 --- [accounts] [           main] o.h.e.t.j.p.i.JtaPlatformInitiator       : HHH000489: No JTA platform available (set 'hibernate.transaction.jta.platform' to enable JTA platform integration)
Hibernate: alter table if exists accounts alter column account_number set data type bigint
Hibernate: alter table if exists accounts alter column created_at set data type timestamp(6)
Hibernate: alter table if exists accounts alter column created_by set data type varchar(255)
Hibernate: alter table if exists accounts alter column updated_at set data type timestamp(6)
Hibernate: alter table if exists accounts alter column updated_by set data type varchar(255)
Hibernate: alter table if exists accounts alter column account_type set data type varchar(255)
Hibernate: alter table if exists accounts alter column branch_address set data type varchar(255)
Hibernate: alter table if exists accounts alter column customer_id set data type bigint
Hibernate: alter table if exists customer alter column customer_id set data type bigint
Hibernate: alter table if exists customer alter column created_at set data type timestamp(6)
Hibernate: alter table if exists customer alter column created_by set data type varchar(255)
Hibernate: alter table if exists customer alter column updated_at set data type timestamp(6)
Hibernate: alter table if exists customer alter column updated_by set data type varchar(255)
Hibernate: alter table if exists customer alter column email set data type varchar(255)
Hibernate: alter table if exists customer alter column mobile_number set data type varchar(255)
Hibernate: alter table if exists customer alter column name set data type varchar(255)
2025-05-01T13:18:23.797+05:30  INFO 6516 --- [accounts] [           main] j.LocalContainerEntityManagerFactoryBean : Initialized JPA EntityManagerFactory for persistence unit 'default'
2025-05-01T13:18:25.430+05:30  WARN 6516 --- [accounts] [           main] JpaBaseConfiguration$JpaWebConfiguration : spring.jpa.open-in-view is enabled by default. Therefore, database queries may be performed during view rendering. Explicitly configure spring.jpa.open-in-view to disable this warning
2025-05-01T13:18:29.025+05:30  INFO 6516 --- [accounts] [           main] o.s.c.s.m.DirectWithAttributesChannel    : Channel 'accounts.springCloudBusInput' has 1 subscriber(s).
2025-05-01T13:18:29.486+05:30  INFO 6516 --- [accounts] [           main] o.s.b.a.h2.H2ConsoleAutoConfiguration    : H2 console available at '/h2-console'. Database available at 'jdbc:h2:mem:testdb'
2025-05-01T13:18:29.655+05:30  INFO 6516 --- [accounts] [           main] o.s.b.a.e.web.EndpointLinksResolver      : Exposing 23 endpoints beneath base path '/actuator'
2025-05-01T13:18:29.896+05:30  INFO 6516 --- [accounts] [           main] o.s.i.endpoint.EventDrivenConsumer       : Adding {logging-channel-adapter:_org.springframework.integration.errorLogger} as a subscriber to the 'errorChannel' channel
2025-05-01T13:18:29.897+05:30  INFO 6516 --- [accounts] [           main] o.s.i.channel.PublishSubscribeChannel    : Channel 'accounts.errorChannel' has 1 subscriber(s).
2025-05-01T13:18:29.898+05:30  INFO 6516 --- [accounts] [           main] o.s.i.endpoint.EventDrivenConsumer       : started bean '_org.springframework.integration.errorLogger'
2025-05-01T13:18:29.981+05:30  INFO 6516 --- [accounts] [           main] o.s.c.s.binder.DefaultBinderFactory      : Creating binder: rabbit
2025-05-01T13:18:29.981+05:30  INFO 6516 --- [accounts] [           main] o.s.c.s.binder.DefaultBinderFactory      : Constructing binder child context for rabbit
2025-05-01T13:18:30.188+05:30  INFO 6516 --- [accounts] [           main] o.s.c.s.binder.DefaultBinderFactory      : Caching the binder: rabbit
2025-05-01T13:18:30.284+05:30  INFO 6516 --- [accounts] [           main] c.s.b.r.p.RabbitExchangeQueueProvisioner : declaring queue for inbound: springCloudBus.anonymous.csGGUjmPQQq05w5ZVknFxQ, bound to: springCloudBus
2025-05-01T13:18:30.296+05:30  INFO 6516 --- [accounts] [           main] o.s.a.r.c.CachingConnectionFactory       : Attempting to connect to: [localhost:5672]
2025-05-01T13:18:30.335+05:30  INFO 6516 --- [accounts] [           main] o.s.a.r.c.CachingConnectionFactory       : Attempting to connect to: [localhost:5672]
2025-05-01T13:18:30.351+05:30  INFO 6516 --- [accounts] [           main] o.s.a.r.c.CachingConnectionFactory       : Attempting to connect to: [localhost:5672]
2025-05-01T13:18:30.391+05:30  INFO 6516 --- [accounts] [           main] o.s.c.stream.binder.BinderErrorChannel   : Channel 'rabbit-279593488.springCloudBusInput.errors' has 1 subscriber(s).
2025-05-01T13:18:30.393+05:30  INFO 6516 --- [accounts] [           main] o.s.c.stream.binder.BinderErrorChannel   : Channel 'rabbit-279593488.springCloudBusInput.errors' has 2 subscriber(s).
2025-05-01T13:18:30.398+05:30  INFO 6516 --- [accounts] [           main] o.s.a.r.c.CachingConnectionFactory       : Attempting to connect to: [localhost:5672]
2025-05-01T13:18:30.424+05:30  INFO 6516 --- [accounts] [           main] o.s.a.r.l.SimpleMessageListenerContainer : Broker not available; cannot force queue declarations during start: java.net.ConnectException: Connection refused: getsockopt
2025-05-01T13:18:30.442+05:30  INFO 6516 --- [accounts] [Qq05w5ZVknFxQ-1] o.s.a.r.c.CachingConnectionFactory       : Attempting to connect to: [localhost:5672]
2025-05-01T13:18:30.457+05:30  INFO 6516 --- [accounts] [           main] o.s.i.a.i.AmqpInboundChannelAdapter      : started bean 'inbound.springCloudBus.anonymous.csGGUjmPQQq05w5ZVknFxQ'
2025-05-01T13:18:30.560+05:30  INFO 6516 --- [accounts] [           main] c.m.accounts.AccountsApplicationTests    : Started AccountsApplicationTests in 16.793 seconds (process running for 19.729)
]]></system-out>
    <system-err><![CDATA[Mockito is currently self-attaching to enable the inline-mock-maker. This will no longer work in future releases of the JDK. Please add Mockito as an agent to your build what is described in Mockito's documentation: https://javadoc.io/doc/org.mockito/mockito-core/latest/org/mockito/Mockito.html#0.3
WARNING: A Java agent has been loaded dynamically (C:\Users\pravin\.m2\repository\net\bytebuddy\byte-buddy-agent\1.15.11\byte-buddy-agent-1.15.11.jar)
WARNING: If a serviceability tool is in use, please run with -XX:+EnableDynamicAgentLoading to hide this warning
WARNING: If a serviceability tool is not in use, please run with -Djdk.instrument.traceUsage for more information
WARNING: Dynamic loading of agents will be disallowed by default in a future release
]]></system-err>
  </testcase>
</testsuite>